<?xml version="1.0" encoding="UTF-8"?>
<testsuite name="BloqueTest" tests="4" skipped="0" failures="0" errors="0" timestamp="2022-06-11T16:41:10" hostname="lks-macbook-pro.local" time="0.031">
  <properties/>
  <testcase name="testDireccionInicialNot()" classname="BloqueTest" time="0.026"/>
  <testcase name="testDireccionInicial()" classname="BloqueTest" time="0.002"/>
  <testcase name="testDireccionFinal()" classname="BloqueTest" time="0.0"/>
  <testcase name="testDireccionFinalNot()" classname="BloqueTest" time="0.0"/>
  <system-out><![CDATA[]]></system-out>
  <system-err><![CDATA[]]></system-err>
</testsuite>
