<?xml version="1.0" encoding="UTF-8"?>
<testsuite name="DiagramaTTest" tests="1" skipped="0" failures="0" errors="0" timestamp="2022-06-12T02:35:42" hostname="lks-macbook-pro.local" time="0.057">
  <properties/>
  <testcase name="testDiagramaT()" classname="DiagramaTTest" time="0.057"/>
  <system-out><![CDATA[]]></system-out>
  <system-err><![CDATA[]]></system-err>
</testsuite>
